<?xml version="1.0" encoding="UTF-8"?>
<testsuite xmlns:xsi="http://www.w3.org/2001/XMLSchema-instance" xsi:noNamespaceSchemaLocation="https://maven.apache.org/surefire/maven-surefire-plugin/xsd/surefire-test-report-3.0.xsd" version="3.0" name="com.eci.edu.escuelaing.ArepTaller1WebServer.HttpServerTest" time="0.174" tests="8" errors="0" skipped="0" failures="0">
  <properties>
[...]
</properties>
  <testcase name="shouldGetRequestForm" classname="com.eci.edu.escuelaing.ArepTaller1WebServer.HttpServerTest" time="0.086">
    <system-out><![CDATA[Path: src/main/java/com/eci/edu/escuelaing/ArepTaller2Microframeworks/resources/form.html
]]></system-out>
  </testcase>
  <testcase name="shouldGetRequestName" classname="com.eci.edu.escuelaing.ArepTaller1WebServer.HttpServerTest" time="0.006">
    <system-out><![CDATA[Path: src/main/java/com/eci/edu/escuelaing/ArepTaller2Microframeworks/resources/getName
]]></system-out>
    <system-err><![CDATA[Archivo no encontrado: /getName
]]></system-err>
  </testcase>
  <testcase name="shouldNotGetRequest" classname="com.eci.edu.escuelaing.ArepTaller1WebServer.HttpServerTest" time="0.001">
    <system-out><![CDATA[Path: src/main/java/com/eci/edu/escuelaing/ArepTaller2Microframeworks/resources/noexiste.html
]]></system-out>
    <system-err><![CDATA[Archivo no encontrado: /noexiste.html
]]></system-err>
  </testcase>
  <testcase name="shouldPostRequestName" classname="com.eci.edu.escuelaing.ArepTaller1WebServer.HttpServerTest" time="0.008"/>
  <testcase name="shouldGetRequestScript" classname="com.eci.edu.escuelaing.ArepTaller1WebServer.HttpServerTest" time="0.015">
    <system-out><![CDATA[Path: src/main/java/com/eci/edu/escuelaing/ArepTaller2Microframeworks/resources/script.js
]]></system-out>
  </testcase>
  <testcase name="shouldGetRequestStyles" classname="com.eci.edu.escuelaing.ArepTaller1WebServer.HttpServerTest" time="0.006">
    <system-out><![CDATA[Path: src/main/java/com/eci/edu/escuelaing/ArepTaller2Microframeworks/resources/styles.css
]]></system-out>
  </testcase>
  <testcase name="shouldGetRequestImage" classname="com.eci.edu.escuelaing.ArepTaller1WebServer.HttpServerTest" time="0.01">
    <system-out><![CDATA[Path: src/main/java/com/eci/edu/escuelaing/ArepTaller2Microframeworks/resources/image.png
]]></system-out>
  </testcase>
  <testcase name="shouldGetRequestIndex" classname="com.eci.edu.escuelaing.ArepTaller1WebServer.HttpServerTest" time="0.003">
    <system-out><![CDATA[Path: src/main/java/com/eci/edu/escuelaing/ArepTaller2Microframeworks/resources/index.html
]]></system-out>
  </testcase>
</testsuite>